  Reading Qt configuration (C:\Qt\5.14.1\msvc2017_64\bin\qmake.exe)
  uic AddContentsClass.ui
  uic ContentsClass.ui
  uic StatisticsClass.ui
  moc MomsCook.h
  moc StatisticsClass.h
   C:\Users\newst\source\repos\MomsCook\AddContentsClass.ui: Warning: The name 'layoutWidget' (QWidget) is already in use, defaulting to 'layoutWidget1'.
  AddContentsClass.cpp
  Contents.cpp
  ContentsClass.cpp
  main.cpp
  MomsCook.cpp
  MyCalendar.cpp
  MyTextBrowser.cpp
  StatisticsClass.cpp
C:\Users\newst\source\repos\MomsCook\AddContentsClass.cpp(49,11): warning C4129: ',': 문자 이스케이프 시퀀스를 인식할 수 없습니다.
  moc_AddContentsClass.cpp
  moc_ContentsClass.cpp
  moc_MomsCook.cpp
  moc_StatisticsClass.cpp
  MomsCook.vcxproj -> C:\Users\newst\source\repos\MomsCook\x64\Debug\MomsCook.exe
